<?xml version="1.0" encoding="UTF-8"?>
<!-- Generated by org.testng.reporters.JUnitReportReporter -->
<testsuite hostname="LoadRunner" name="com.selenium.frameworkUtil.Util" tests="1" failures="0" timestamp="13 Jun 2016 23:59:00 GMT" time="0.384" errors="0">
  <testcase name="DataTable" time="0.384" classname="com.selenium.frameworkUtil.Util"/>
</testsuite> <!-- com.selenium.frameworkUtil.Util -->
