<?xml version="1.0" encoding="UTF-8"?>
<!-- Generated by org.testng.reporters.JUnitReportReporter -->
<testsuite hostname="LoadRunner" name="com.selenium.incial.FisrtClass" tests="4" failures="0" timestamp="13 Jun 2016 13:53:02 GMT" time="0.000" errors="0">
  <testcase name="TC_3" time="0.000" classname="com.selenium.incial.FisrtClass"/>
  <testcase name="TC_4" time="0.000" classname="com.selenium.incial.FisrtClass"/>
  <testcase name="TC_2" time="0.000" classname="com.selenium.incial.FisrtClass"/>
  <testcase name="TC_1" time="0.000" classname="com.selenium.incial.FisrtClass"/>
</testsuite> <!-- com.selenium.incial.FisrtClass -->
