<?xml version="1.0" encoding="UTF-8"?>
<!-- Generated by org.testng.reporters.JUnitReportReporter -->
<testsuite hostname="LoadRunner" name="com.webcom.test.VerifyWebComCadastroCliente" tests="1" failures="0" timestamp="15 Jun 2016 13:33:14 GMT" time="27.156" errors="0">
  <testcase name="VerifyValidLogin" time="27.156" classname="com.webcom.test.VerifyWebComCadastroCliente"/>
</testsuite> <!-- com.webcom.test.VerifyWebComCadastroCliente -->
