<?xml version="1.0" encoding="UTF-8"?>
<!-- Generated by org.testng.reporters.JUnitReportReporter -->
<testsuite hostname="LoadRunner" name="com.selenium.incial.SecundClass" tests="4" failures="0" timestamp="13 Jun 2016 13:53:02 GMT" time="0.000" errors="0">
  <testcase name="TC_7" time="0.000" classname="com.selenium.incial.SecundClass"/>
  <testcase name="TC_8" time="0.000" classname="com.selenium.incial.SecundClass"/>
  <testcase name="TC_6" time="0.000" classname="com.selenium.incial.SecundClass"/>
  <testcase name="TC_5" time="0.000" classname="com.selenium.incial.SecundClass"/>
</testsuite> <!-- com.selenium.incial.SecundClass -->
