<?xml version="1.0" encoding="UTF-8"?>
<!-- Generated by org.testng.reporters.JUnitReportReporter -->
<testsuite hostname="LoadRunner" name="com.webcom.test.VerifyWebComLogin" tests="1" failures="0" timestamp="15 Jun 2016 13:33:14 GMT" time="3.434" errors="0">
  <testcase name="VerifyValidLogin" time="3.434" classname="com.webcom.test.VerifyWebComLogin"/>
</testsuite> <!-- com.webcom.test.VerifyWebComLogin -->
