<?xml version="1.0" encoding="UTF-8"?>
<!-- Generated by org.testng.reporters.JUnitReportReporter -->
<testsuite hostname="LoadRunner" name="com.selenium.incial.TrethTest" tests="4" failures="0" timestamp="13 Jun 2016 13:53:02 GMT" time="0.000" errors="0">
  <testcase name="TC_11" time="0.000" classname="com.selenium.incial.TrethTest"/>
  <testcase name="TC_9" time="0.000" classname="com.selenium.incial.TrethTest"/>
  <testcase name="TC_10" time="0.000" classname="com.selenium.incial.TrethTest"/>
  <testcase name="TC_12" time="0.000" classname="com.selenium.incial.TrethTest"/>
</testsuite> <!-- com.selenium.incial.TrethTest -->
